Arguments: 
  /usr/local/bin/node /usr/bin/yarn run build

PATH: 
  /home/james/go/bin:/usr/local/go/bin:/home/james/bin:/home/james/.local/bin:/usr/local/sbin:/usr/local/bin:/usr/sbin:/usr/bin:/sbin:/bin:/usr/games:/usr/local/games:/snap/bin

Yarn version: 
  1.5.1

Node version: 
  10.8.0

Platform: 
  linux x64

npm manifest: 
  No manifest

yarn manifest: 
  No manifest

Lockfile: 
  # THIS IS AN AUTOGENERATED FILE. DO NOT EDIT THIS FILE DIRECTLY.
  # yarn lockfile v1
  
  
  "@types/webaudioapi@0.0.27":
    version "0.0.27"
    resolved "https://registry.yarnpkg.com/@types/webaudioapi/-/webaudioapi-0.0.27.tgz#8a3f98eaa07cb577be2dae22311d37c3b545f74f"
  
  "@types/webrtc@0.0.21":
    version "0.0.21"
    resolved "https://registry.yarnpkg.com/@types/webrtc/-/webrtc-0.0.21.tgz#bc3cfb7e22add284761e5d63efad664b0eba8b86"
  
  api-ai-javascript@2.0.0-beta.14:
    version "2.0.0-beta.14"
    resolved "https://registry.yarnpkg.com/api-ai-javascript/-/api-ai-javascript-2.0.0-beta.14.tgz#ae93a4135f5ff123998f8276e49048b6c6d5453d"
    dependencies:
      "@types/webaudioapi" "0.0.27"
      "@types/webrtc" "0.0.21"

Trace: 
  Error: Couldn't find a package.json file in "/home/james/vnw/jojoservicos"
      at new MessageError (/usr/lib/node_modules/yarn/lib/cli.js:186:110)
      at /usr/lib/node_modules/yarn/lib/cli.js:40048:15
      at Generator.next (<anonymous>)
      at step (/usr/lib/node_modules/yarn/lib/cli.js:98:30)
      at /usr/lib/node_modules/yarn/lib/cli.js:109:13
