[debug] [2018-09-04T13:02:37.190Z] ----------------------------------------------------------------------
[debug] [2018-09-04T13:02:37.192Z] Command:       /home/estudiovainaweb/.nvm/versions/node/v8.11.3/bin/node /home/estudiovainaweb/.nvm/versions/node/v8.11.3/bin/firebase deploy
[debug] [2018-09-04T13:02:37.192Z] CLI Version:   4.2.1
[debug] [2018-09-04T13:02:37.192Z] Platform:      linux
[debug] [2018-09-04T13:02:37.192Z] Node Version:  v8.11.3
[debug] [2018-09-04T13:02:37.192Z] Time:          Tue Sep 04 2018 10:02:37 GMT-0300 (-03)
[debug] [2018-09-04T13:02:37.192Z] ----------------------------------------------------------------------
[debug] 
[debug] [2018-09-04T13:02:37.201Z] > command requires scopes: ["email","openid","https://www.googleapis.com/auth/cloudplatformprojects.readonly","https://www.googleapis.com/auth/firebase","https://www.googleapis.com/auth/cloud-platform"]
[debug] [2018-09-04T13:02:37.202Z] > authorizing via signed-in user
[debug] [2018-09-04T13:02:37.204Z] > refreshing access token with scopes: ["email","https://www.googleapis.com/auth/cloud-platform","https://www.googleapis.com/auth/cloudplatformprojects.readonly","https://www.googleapis.com/auth/firebase","openid"]
[debug] [2018-09-04T13:02:37.204Z] >>> HTTP REQUEST POST https://www.googleapis.com/oauth2/v3/token  

[debug] [2018-09-04T13:02:37.543Z] <<< HTTP RESPONSE 200
[debug] [2018-09-04T13:02:37.580Z] >>> HTTP REQUEST GET https://admin.firebase.com/v1/projects/jojo-servicos  
 
[debug] [2018-09-04T13:02:39.547Z] <<< HTTP RESPONSE 200
[info] 
[info] === Deploying to 'jojo-servicos'...
[info] 
[info] i  deploying database, storage, functions, hosting
[info] i  database: checking rules syntax...
[debug] [2018-09-04T13:02:42.509Z] >>> HTTP REQUEST PUT https://jojo-servicos.firebaseio.com/.settings/rules.json?dryRun=true  
 {
  /* Visit https://firebase.google.com/docs/database/security to learn more about security rules. */
  "rules": {
    ".read": false,
    ".write": false
  }
}
[debug] [2018-09-04T13:02:43.468Z] <<< HTTP RESPONSE 200
[info] ✔  database: rules syntax for database jojo-servicos is valid
[debug] [2018-09-04T13:02:43.470Z] >>> HTTP REQUEST GET https://appengine.googleapis.com/v1/apps/jojo-servicos  
 
[debug] [2018-09-04T13:02:44.840Z] <<< HTTP RESPONSE 200
[info] i  storage: checking storage.rules for compilation errors...
[debug] [2018-09-04T13:02:44.844Z] >>> HTTP REQUEST POST https://firebaserules.googleapis.com/v1/projects/jojo-servicos:test  

[debug] [2018-09-04T13:02:45.296Z] <<< HTTP RESPONSE 200
[info] ✔  storage: rules file storage.rules compiled successfully
[debug] [2018-09-04T13:02:45.299Z] > [functions] package.json contents: {
  "name": "functions",
  "description": "Cloud Functions for Firebase",
  "scripts": {
    "serve": "firebase serve --only functions",
    "shell": "firebase functions:shell",
    "start": "npm run shell",
    "deploy": "firebase deploy --only functions",
    "logs": "firebase functions:log"
  },
  "dependencies": {
    "firebase-admin": "~6.0.0",
    "firebase-functions": "^2.0.3"
  },
  "private": true
}
[info] i  functions: ensuring necessary APIs are enabled...
[debug] [2018-09-04T13:02:45.301Z] >>> HTTP REQUEST GET https://servicemanagement.googleapis.com/v1/services/cloudfunctions.googleapis.com/projectSettings/jojo-servicos?view=CONSUMER_VIEW  
 
[debug] [2018-09-04T13:02:45.302Z] >>> HTTP REQUEST GET https://servicemanagement.googleapis.com/v1/services/runtimeconfig.googleapis.com/projectSettings/jojo-servicos?view=CONSUMER_VIEW  
 
[debug] [2018-09-04T13:02:46.885Z] <<< HTTP RESPONSE 200
[info] ✔  functions: all necessary APIs are enabled
[debug] [2018-09-04T13:02:46.889Z] <<< HTTP RESPONSE 200
[debug] [2018-09-04T13:02:46.891Z] >>> HTTP REQUEST GET https://cloudresourcemanager.googleapis.com/v1/projects/jojo-servicos  
 
[debug] [2018-09-04T13:02:47.942Z] <<< HTTP RESPONSE 200
[debug] [2018-09-04T13:02:47.943Z] >>> HTTP REQUEST GET https://mobilesdk-pa.googleapis.com/v1/projects/886479688121:getServerAppConfig  
 
[debug] [2018-09-04T13:02:57.370Z] <<< HTTP RESPONSE 200
[debug] [2018-09-04T13:02:57.373Z] >>> HTTP REQUEST POST https://firebasehosting.googleapis.com/v1beta1/sites/jojo-servicos/versions  

